TN:
SF:lib/src/datasources/diary_remote_datasource.dart
FNF:0
FNH:0
DA:16,1
DA:19,1
DA:22,1
DA:23,1
DA:27,1
DA:28,1
DA:29,1
DA:30,1
DA:31,1
DA:32,1
DA:33,1
DA:34,1
DA:35,1
DA:37,2
DA:38,2
DA:40,2
DA:41,3
DA:43,1
LF:18
LH:18
end_of_record
TN:
SF:lib/src/datasources/pick_image_datasource.dart
FNF:0
FNH:0
DA:11,1
DA:17,1
DA:21,2
DA:22,1
DA:23,1
DA:24,1
DA:25,1
LF:7
LH:7
end_of_record
TN:
SF:lib/src/models/uploaded_diary_result_model.dart
FNF:0
FNH:0
DA:14,1
DA:15,1
LF:2
LH:2
end_of_record
TN:
SF:lib/src/repositories/diary_repository_impl.dart
FNF:0
FNH:0
DA:7,2
DA:10,2
DA:15,4
DA:19,2
DA:20,1
DA:21,2
LF:6
LH:6
end_of_record
TN:
SF:lib/src/repositories/pick_image_repository_impl.dart
FNF:0
FNH:0
DA:8,1
DA:13,1
DA:16,2
DA:21,1
DA:23,2
LF:5
LH:5
end_of_record
