SF:lib/src/datasources/diary_remote_datasource.dart
DA:16,1
DA:19,1
DA:22,1
DA:23,1
DA:27,1
DA:28,1
DA:29,1
DA:30,1
DA:31,1
DA:32,1
DA:33,1
DA:34,1
DA:35,1
DA:37,2
DA:38,2
DA:40,2
DA:41,3
DA:43,0
LF:18
LH:17
end_of_record
SF:lib/src/datasources/pick_image_datasource.dart
DA:11,1
DA:17,1
DA:21,2
DA:22,1
DA:23,1
DA:24,1
DA:25,1
LF:7
LH:7
end_of_record
SF:lib/src/models/diary_model.g.dart
DA:9,0
DA:10,0
DA:11,0
DA:13,0
DA:14,0
DA:15,0
DA:16,0
DA:17,0
DA:18,0
DA:19,0
DA:22,1
DA:23,1
DA:24,1
DA:25,1
DA:26,1
DA:27,1
DA:28,1
DA:29,1
DA:30,1
DA:31,1
LF:20
LH:10
end_of_record
SF:lib/src/models/uploaded_diary_result_model.dart
DA:14,1
DA:15,1
LF:2
LH:2
end_of_record
SF:lib/src/models/uploaded_diary_result_model.g.dart
DA:9,1
DA:11,1
DA:12,1
DA:15,1
DA:17,1
DA:18,1
LF:6
LH:6
end_of_record
SF:lib/src/repositories/diary_repository_impl.dart
DA:7,1
DA:10,1
DA:15,2
DA:19,1
DA:20,0
DA:21,0
LF:6
LH:4
end_of_record
SF:lib/src/repositories/pick_image_repository_impl.dart
DA:8,1
DA:13,1
DA:16,2
DA:21,1
DA:23,2
LF:5
LH:5
end_of_record
