SF:lib/core/helpers/image_to_base64.dart
DA:5,1
DA:6,1
DA:8,1
DA:11,1
DA:12,1
DA:14,2
DA:15,2
LF:7
LH:7
end_of_record
SF:lib/core/errors/failures.dart
DA:4,5
DA:5,5
LF:2
LH:2
end_of_record
SF:lib/core/usecases/usecase.dart
DA:13,1
DA:14,1
LF:2
LH:2
end_of_record
SF:lib/features/diary/data/datasources/diary_remote_datasource.dart
DA:15,3
DA:18,2
DA:21,2
DA:22,2
DA:26,2
DA:27,2
DA:28,2
DA:29,2
DA:30,2
DA:31,2
DA:32,2
DA:33,2
DA:34,2
DA:36,4
DA:37,4
DA:39,4
DA:40,3
DA:42,1
LF:18
LH:18
end_of_record
SF:lib/features/diary/domain/entities/diary.dart
DA:2,4
LF:1
LH:1
end_of_record
SF:lib/features/diary/domain/entities/image_details.dart
DA:4,21
LF:1
LH:1
end_of_record
SF:lib/features/diary/domain/entities/uploaded_diary_result.dart
DA:2,2
LF:1
LH:1
end_of_record
SF:lib/features/diary/domain/usecases/pick_image.dart
DA:9,3
DA:12,1
DA:14,2
LF:3
LH:3
end_of_record
SF:lib/features/diary/domain/usecases/upload_diary.dart
DA:8,2
DA:11,1
DA:13,2
LF:3
LH:3
end_of_record
SF:lib/features/diary/presentation/bloc/diary_event.dart
DA:4,9
DA:6,1
DA:7,1
DA:11,4
DA:18,2
DA:19,2
DA:20,2
DA:21,2
DA:26,4
DA:33,2
DA:34,2
DA:35,2
DA:36,2
DA:41,4
DA:59,1
DA:60,1
DA:61,1
DA:62,1
DA:63,1
DA:64,1
DA:65,1
DA:66,1
DA:67,1
DA:68,1
LF:24
LH:24
end_of_record
SF:lib/features/diary/presentation/bloc/diary_state.dart
DA:4,29
DA:6,2
DA:7,2
DA:18,3
DA:21,1
DA:22,2
DA:29,3
DA:32,1
DA:33,2
DA:42,19
LF:10
LH:10
end_of_record
SF:lib/features/diary/presentation/bloc/diary_bloc.dart
DA:15,5
DA:19,10
DA:20,10
DA:21,10
DA:22,10
DA:28,1
DA:30,2
DA:32,1
DA:33,2
DA:39,2
DA:40,2
DA:41,2
DA:42,1
DA:43,1
DA:44,2
DA:50,1
DA:53,2
DA:55,1
DA:56,2
DA:58,2
DA:60,2
DA:61,2
DA:65,2
DA:67,4
DA:70,9
DA:72,4
DA:74,2
DA:75,2
DA:77,2
DA:78,2
DA:79,2
DA:80,2
DA:81,2
DA:82,2
DA:84,4
DA:86,2
DA:87,1
DA:88,2
DA:89,1
DA:96,1
DA:97,3
DA:98,2
DA:101,0
LF:43
LH:42
end_of_record
SF:lib/features/diary/presentation/widgets/add_photo_screen.dart
DA:10,5
DA:24,5
DA:26,5
DA:28,5
DA:29,5
DA:31,5
DA:34,5
DA:35,15
DA:37,5
DA:39,5
DA:40,5
DA:41,5
DA:44,5
DA:47,5
DA:48,15
DA:49,5
DA:50,15
DA:53,5
DA:55,5
DA:56,5
DA:57,5
DA:58,5
DA:59,10
DA:60,10
DA:63,5
DA:65,5
DA:66,15
DA:67,5
DA:68,5
LF:29
LH:29
end_of_record
SF:lib/generated/l10n.dart
DA:17,8
DA:21,0
DA:22,0
DA:29,8
DA:30,8
DA:31,0
DA:32,8
DA:33,8
DA:34,8
DA:35,16
DA:37,24
DA:38,8
DA:39,8
DA:46,7
DA:47,7
DA:48,7
DA:53,7
DA:54,7
DA:57,24
DA:58,8
DA:59,8
DA:60,8
DA:61,8
DA:62,8
DA:63,8
DA:64,8
DA:65,8
DA:66,8
DA:67,8
DA:68,8
DA:69,8
DA:70,8
DA:71,8
DA:72,8
DA:73,8
DA:74,8
DA:75,8
DA:76,8
DA:77,8
DA:78,8
DA:79,8
DA:80,8
DA:81,8
DA:82,8
DA:83,8
DA:84,8
DA:85,8
DA:86,8
DA:87,8
DA:88,8
DA:89,8
DA:93,0
DA:94,0
DA:98,0
DA:103,5
DA:104,5
DA:108,5
DA:113,4
DA:114,4
DA:118,4
DA:123,0
DA:124,0
DA:128,0
DA:133,1
DA:134,1
DA:138,1
DA:143,4
DA:144,4
DA:148,4
DA:153,4
DA:154,4
DA:158,4
DA:163,5
DA:164,5
DA:168,5
DA:173,5
DA:174,5
DA:178,5
DA:183,5
DA:184,5
DA:188,5
DA:193,4
DA:194,4
DA:198,4
DA:203,5
DA:204,5
DA:208,5
DA:213,4
DA:214,4
DA:218,4
DA:223,0
DA:224,0
DA:228,0
DA:233,0
DA:234,0
DA:238,0
DA:243,4
DA:244,4
DA:248,4
DA:253,5
DA:254,5
DA:258,5
DA:263,5
DA:264,5
DA:268,5
DA:273,5
DA:274,5
DA:278,5
DA:283,5
DA:284,5
DA:288,5
DA:293,4
DA:294,4
DA:298,4
DA:303,5
DA:304,5
DA:308,5
DA:313,4
DA:314,4
DA:318,4
DA:323,3
DA:324,3
DA:328,3
DA:333,5
DA:334,5
DA:338,5
DA:343,5
DA:344,5
DA:348,5
DA:353,4
DA:354,4
DA:358,4
DA:363,4
DA:364,4
DA:368,4
DA:373,5
DA:374,5
DA:378,5
DA:383,0
DA:384,0
DA:388,0
DA:393,0
DA:394,0
DA:398,0
DA:403,0
DA:404,0
DA:408,0
DA:414,17
DA:416,8
DA:422,8
DA:423,8
DA:424,8
DA:425,8
DA:426,0
DA:429,8
DA:430,16
DA:431,24
LF:157
LH:132
end_of_record
SF:lib/features/diary/presentation/widgets/card_title_widget.dart
DA:4,6
DA:7,6
DA:9,6
DA:11,6
DA:12,6
DA:13,6
DA:14,6
DA:15,6
DA:16,12
LF:9
LH:9
end_of_record
SF:lib/features/diary/presentation/widgets/comment_screen.dart
DA:6,4
DA:9,4
DA:11,4
DA:13,4
DA:14,4
DA:16,4
DA:19,4
DA:20,12
DA:22,4
DA:23,4
DA:24,4
DA:25,8
LF:12
LH:12
end_of_record
SF:lib/features/diary/presentation/widgets/custom_dropdown_widget.dart
DA:6,5
DA:18,5
DA:20,5
DA:21,10
DA:22,5
DA:24,5
DA:31,5
DA:32,10
DA:33,5
DA:35,5
DA:37,5
DA:40,5
DA:41,5
DA:42,5
LF:14
LH:14
end_of_record
SF:lib/features/diary/presentation/widgets/details_screen.dart
DA:9,5
DA:30,5
DA:32,5
DA:34,5
DA:35,5
DA:37,5
DA:40,5
DA:41,15
DA:43,5
DA:45,5
DA:46,15
DA:47,5
DA:58,5
DA:60,5
DA:61,10
DA:62,10
DA:63,5
DA:64,5
DA:67,5
DA:69,5
DA:70,10
DA:71,10
DA:72,5
DA:73,5
DA:75,5
DA:77,5
DA:78,5
DA:79,5
DA:80,10
LF:29
LH:29
end_of_record
SF:lib/features/diary/presentation/widgets/diary_form.dart
DA:10,19
DA:16,4
DA:17,4
DA:42,4
DA:44,4
DA:47,4
DA:48,8
DA:53,8
DA:58,8
DA:66,4
DA:68,8
DA:70,4
DA:71,8
DA:73,12
DA:74,8
DA:75,8
DA:76,12
DA:78,4
DA:79,4
DA:81,8
DA:83,4
DA:84,4
DA:88,1
DA:89,3
DA:90,1
DA:91,1
DA:96,1
DA:97,3
DA:98,1
DA:100,1
DA:105,1
DA:106,2
DA:108,1
DA:113,1
DA:114,2
DA:116,1
DA:121,2
DA:122,8
DA:123,2
DA:124,2
DA:125,4
DA:126,2
DA:127,2
DA:128,2
DA:129,4
DA:130,2
DA:133,4
DA:135,4
DA:136,4
DA:137,4
DA:138,2
DA:139,4
DA:140,0
DA:143,8
DA:145,4
DA:146,4
DA:149,4
DA:151,4
DA:153,4
DA:154,4
DA:156,4
DA:159,4
DA:160,4
DA:161,4
DA:162,4
DA:163,8
DA:164,12
DA:167,4
DA:169,4
DA:170,8
DA:181,4
DA:182,4
DA:183,4
DA:184,4
DA:185,4
DA:186,4
DA:190,8
DA:193,4
DA:194,4
DA:195,4
DA:196,4
DA:197,4
DA:198,4
DA:199,4
DA:200,1
DA:202,2
DA:203,1
DA:207,1
DA:209,2
DA:210,1
DA:216,4
DA:217,4
DA:218,4
DA:219,4
DA:220,1
DA:222,2
DA:223,1
DA:229,4
DA:230,4
LF:99
LH:98
end_of_record
SF:lib/features/diary/presentation/widgets/diary_states_widget.dart
DA:9,5
DA:13,2
DA:15,0
DA:19,0
DA:21,0
DA:22,0
DA:23,0
DA:24,0
DA:25,0
DA:26,0
DA:28,0
DA:36,2
DA:37,0
DA:38,0
DA:41,0
DA:42,0
DA:45,0
DA:46,0
DA:47,0
DA:49,0
DA:50,0
DA:51,0
DA:52,0
DA:53,0
DA:54,0
DA:56,0
DA:57,0
DA:58,0
DA:59,0
DA:60,0
DA:61,0
LF:31
LH:3
end_of_record
SF:lib/features/diary/presentation/widgets/events_screen.dart
DA:8,4
DA:21,4
DA:23,4
DA:25,4
DA:26,4
DA:28,4
DA:31,4
DA:32,4
DA:34,4
DA:35,4
DA:36,4
DA:37,4
DA:38,8
DA:39,4
DA:40,4
DA:41,4
DA:42,4
DA:44,4
DA:47,4
DA:49,4
DA:50,12
DA:51,4
DA:52,4
DA:58,4
DA:60,4
DA:61,8
DA:62,8
DA:63,4
DA:64,4
LF:29
LH:29
end_of_record
SF:lib/features/diary/presentation/widgets/image_list_widget.dart
DA:8,6
DA:14,6
DA:18,18
DA:19,5
DA:20,5
DA:21,10
DA:25,3
DA:28,3
DA:31,6
DA:32,3
DA:33,3
DA:35,3
DA:36,3
DA:37,3
DA:39,3
DA:40,3
DA:41,12
DA:46,3
DA:49,3
DA:50,12
DA:51,6
DA:52,3
DA:53,3
DA:54,3
LF:24
LH:24
end_of_record
SF:lib/features/diary/presentation/widgets/location_widget.dart
DA:4,5
DA:7,5
DA:9,5
DA:11,5
DA:12,5
DA:17,5
DA:18,10
LF:7
LH:7
end_of_record
SF:lib/features/diary/presentation/widgets/upload_diary_widget.dart
DA:7,4
DA:13,4
DA:15,4
DA:17,4
DA:20,4
DA:21,12
DA:22,4
DA:23,12
LF:8
LH:8
end_of_record
SF:lib/generated/intl/messages_all.dart
DA:22,24
DA:23,16
DA:26,8
DA:28,8
DA:29,8
DA:36,8
DA:37,8
DA:38,24
DA:39,0
DA:41,0
DA:43,16
DA:44,8
DA:45,24
DA:46,16
DA:47,8
DA:50,8
DA:52,8
DA:58,8
DA:60,8
DA:62,8
LF:20
LH:18
end_of_record
SF:lib/generated/intl/messages_en.dart
DA:16,24
DA:21,0
DA:24,16
DA:25,8
DA:26,8
DA:27,8
DA:28,8
DA:29,8
DA:31,8
DA:32,8
DA:35,8
DA:37,8
DA:39,8
DA:40,8
DA:41,8
DA:43,8
DA:45,8
DA:47,8
DA:49,8
DA:50,8
DA:51,8
DA:52,8
DA:53,8
DA:54,8
DA:56,8
DA:57,8
DA:59,8
DA:61,8
DA:63,8
DA:65,8
DA:67,8
DA:68,8
DA:69,8
DA:71,8
DA:72,8
LF:35
LH:34
end_of_record
SF:lib/features/diary/data/datasources/pick_image_datasource.dart
DA:11,3
DA:17,1
DA:21,2
DA:22,1
DA:23,1
DA:24,1
DA:25,1
LF:7
LH:7
end_of_record
SF:lib/features/diary/data/models/diary_model.g.dart
DA:9,0
DA:10,0
DA:11,0
DA:13,0
DA:14,0
DA:15,0
DA:16,0
DA:17,0
DA:18,0
DA:19,0
DA:22,2
DA:23,2
DA:24,2
DA:25,2
DA:26,2
DA:27,2
DA:28,2
DA:29,2
DA:30,2
DA:31,2
LF:20
LH:10
end_of_record
SF:lib/features/diary/data/models/uploaded_diary_result_model.dart
DA:14,1
DA:15,1
LF:2
LH:2
end_of_record
SF:lib/features/diary/data/models/uploaded_diary_result_model.g.dart
DA:9,1
DA:11,1
DA:12,1
DA:15,1
DA:17,1
DA:18,1
LF:6
LH:6
end_of_record
SF:lib/features/diary/data/repositories/diary_repository_impl.dart
DA:8,3
DA:11,2
DA:16,4
DA:20,1
DA:21,1
DA:22,2
LF:6
LH:6
end_of_record
SF:lib/features/diary/data/repositories/pick_image_repository_impl.dart
DA:9,3
DA:14,1
DA:17,2
DA:22,1
DA:24,2
LF:5
LH:5
end_of_record
SF:lib/di.dart
DA:11,12
DA:13,4
DA:17,4
DA:18,6
DA:19,2
DA:20,2
DA:21,2
DA:25,4
DA:26,4
DA:27,4
DA:30,4
DA:31,4
DA:32,4
DA:37,4
DA:38,4
DA:39,4
DA:42,4
DA:43,4
DA:44,4
DA:49,4
DA:50,8
DA:52,4
DA:53,8
DA:57,4
DA:62,4
DA:65,4
LF:26
LH:26
end_of_record
SF:lib/features/diary/presentation/pages/diary_page.dart
DA:10,1
DA:12,1
DA:14,1
DA:15,1
DA:16,3
DA:19,1
DA:22,1
DA:24,1
DA:28,1
DA:29,3
LF:10
LH:10
end_of_record
