SF:lib/generated/l10n.dart
DA:17,8
DA:21,0
DA:22,0
DA:29,8
DA:30,8
DA:31,0
DA:32,8
DA:33,8
DA:34,8
DA:35,16
DA:37,24
DA:38,8
DA:39,8
DA:46,7
DA:47,7
DA:48,7
DA:53,7
DA:54,7
DA:57,24
DA:58,8
DA:59,8
DA:60,8
DA:61,8
DA:62,8
DA:63,8
DA:64,8
DA:65,8
DA:66,8
DA:67,8
DA:68,8
DA:69,8
DA:70,8
DA:71,8
DA:72,8
DA:73,8
DA:74,8
DA:75,8
DA:76,8
DA:77,8
DA:78,8
DA:79,8
DA:80,8
DA:81,8
DA:82,8
DA:83,8
DA:84,8
DA:85,8
DA:86,8
DA:87,8
DA:88,8
DA:89,8
DA:90,8
DA:91,8
DA:95,0
DA:96,0
DA:100,0
DA:105,4
DA:106,4
DA:110,4
DA:115,4
DA:116,4
DA:120,4
DA:125,1
DA:126,1
DA:130,1
DA:135,1
DA:136,1
DA:140,1
DA:145,3
DA:146,3
DA:150,3
DA:155,3
DA:156,3
DA:160,3
DA:165,4
DA:166,4
DA:170,4
DA:175,3
DA:176,3
DA:180,3
DA:185,4
DA:186,4
DA:190,4
DA:195,3
DA:196,3
DA:200,3
DA:205,4
DA:206,4
DA:210,4
DA:215,3
DA:216,3
DA:220,3
DA:225,1
DA:226,1
DA:230,1
DA:235,0
DA:236,0
DA:240,0
DA:245,3
DA:246,3
DA:250,3
DA:255,4
DA:256,4
DA:260,4
DA:265,4
DA:266,4
DA:270,4
DA:275,4
DA:276,4
DA:280,4
DA:285,3
DA:286,3
DA:290,3
DA:295,4
DA:296,4
DA:300,4
DA:305,3
DA:306,3
DA:310,3
DA:315,4
DA:316,4
DA:320,4
DA:325,4
DA:326,4
DA:330,4
DA:335,3
DA:336,3
DA:340,3
DA:345,4
DA:346,4
DA:350,4
DA:355,4
DA:356,4
DA:360,4
DA:365,4
DA:366,4
DA:370,4
DA:375,3
DA:376,3
DA:380,3
DA:385,3
DA:386,3
DA:390,3
DA:395,4
DA:396,4
DA:400,4
DA:405,1
DA:406,1
DA:410,1
DA:415,1
DA:416,1
DA:420,1
DA:425,1
DA:426,1
DA:430,1
DA:436,13
DA:438,8
DA:444,8
DA:445,8
DA:446,8
DA:447,8
DA:448,0
DA:451,8
DA:452,16
DA:453,24
LF:165
LH:155
end_of_record
SF:lib/features/diary/bloc/diary_event.dart
DA:4,9
DA:6,1
DA:7,1
DA:13,4
DA:20,2
DA:21,2
DA:22,2
DA:23,2
DA:28,4
DA:35,2
DA:36,2
DA:37,2
DA:38,2
DA:43,3
DA:61,1
DA:62,1
DA:63,1
DA:64,1
DA:65,1
DA:66,1
DA:67,1
DA:68,1
DA:69,1
DA:70,1
LF:24
LH:24
end_of_record
SF:lib/features/diary/bloc/diary_state.dart
DA:4,25
DA:6,3
DA:7,3
DA:16,2
DA:37,3
DA:40,1
DA:41,2
DA:48,3
DA:51,1
DA:52,2
DA:61,15
LF:11
LH:11
end_of_record
SF:lib/features/diary/bloc/diary_bloc.dart
DA:15,4
DA:19,8
DA:20,8
DA:21,8
DA:22,8
DA:23,8
DA:29,1
DA:33,2
DA:37,1
DA:38,1
DA:39,1
DA:41,2
DA:43,1
DA:48,1
DA:53,1
DA:59,2
DA:68,1
DA:72,2
DA:74,1
DA:75,2
DA:81,2
DA:82,2
DA:83,1
DA:84,1
DA:85,2
DA:91,1
DA:96,2
DA:98,1
DA:99,2
DA:101,2
DA:103,2
DA:104,2
DA:108,1
DA:112,2
DA:115,6
DA:117,2
DA:119,1
DA:120,1
DA:122,1
DA:123,1
DA:124,1
DA:125,1
DA:126,1
DA:127,1
DA:129,2
DA:131,1
DA:132,1
DA:133,2
DA:134,1
DA:141,1
DA:142,3
DA:143,2
DA:146,1
LF:53
LH:53
end_of_record
SF:lib/features/diary/di.dart
DA:10,3
DA:12,1
DA:13,1
DA:14,1
DA:15,1
DA:16,1
DA:17,1
DA:20,1
DA:21,4
DA:22,2
DA:23,2
DA:24,2
DA:28,1
DA:30,1
DA:31,1
DA:32,2
DA:33,2
DA:36,1
DA:37,2
DA:38,2
DA:43,1
DA:44,2
DA:45,2
DA:48,1
DA:49,2
DA:50,2
DA:55,1
DA:56,1
DA:57,1
DA:58,4
DA:60,1
DA:61,4
DA:65,1
DA:66,2
DA:71,1
DA:72,1
DA:73,1
DA:76,1
LF:38
LH:38
end_of_record
SF:lib/features/diary/pages/diary_page.dart
DA:11,1
DA:20,1
DA:22,1
DA:23,1
DA:24,3
DA:27,1
DA:30,1
DA:32,1
DA:36,1
DA:37,2
DA:38,1
DA:39,1
DA:40,1
LF:13
LH:13
end_of_record
SF:lib/features/diary/widgets/add_photo_screen.dart
DA:10,4
DA:24,4
DA:26,4
DA:28,4
DA:29,4
DA:31,4
DA:34,4
DA:35,12
DA:37,4
DA:39,4
DA:40,4
DA:41,4
DA:44,4
DA:47,4
DA:48,12
DA:49,4
DA:50,12
DA:53,4
DA:55,4
DA:56,4
DA:57,4
DA:58,4
DA:59,8
DA:60,8
DA:63,4
DA:65,4
DA:66,12
DA:67,4
DA:68,4
LF:29
LH:29
end_of_record
SF:lib/features/diary/widgets/card_title_widget.dart
DA:4,5
DA:7,5
DA:9,5
DA:11,5
DA:12,5
DA:13,5
DA:14,5
DA:15,5
DA:16,10
LF:9
LH:9
end_of_record
SF:lib/features/diary/widgets/comment_screen.dart
DA:6,3
DA:9,3
DA:11,3
DA:13,3
DA:14,3
DA:16,3
DA:19,3
DA:20,9
DA:22,3
DA:23,9
DA:24,3
DA:25,3
DA:26,6
LF:13
LH:13
end_of_record
SF:lib/features/diary/widgets/custom_dropdown_widget.dart
DA:6,4
DA:18,4
DA:20,4
DA:21,8
DA:22,4
DA:24,4
DA:31,4
DA:32,7
DA:33,3
DA:35,3
DA:37,3
DA:40,4
DA:41,4
DA:42,4
LF:14
LH:14
end_of_record
SF:lib/features/diary/widgets/details_screen.dart
DA:9,4
DA:30,4
DA:32,4
DA:34,4
DA:35,4
DA:37,4
DA:40,4
DA:41,12
DA:43,4
DA:45,4
DA:46,12
DA:47,4
DA:58,4
DA:60,4
DA:61,8
DA:62,8
DA:63,4
DA:64,4
DA:67,4
DA:69,4
DA:70,8
DA:71,8
DA:72,4
DA:73,4
DA:75,4
DA:77,4
DA:78,12
DA:79,4
DA:80,4
DA:81,8
LF:30
LH:30
end_of_record
SF:lib/features/diary/widgets/diary_form.dart
DA:10,3
DA:16,3
DA:17,3
DA:42,3
DA:44,3
DA:46,3
DA:47,12
DA:49,3
DA:50,6
DA:52,6
DA:53,3
DA:54,6
DA:55,3
DA:56,6
DA:57,3
DA:58,6
DA:60,3
DA:61,6
DA:62,3
DA:65,3
DA:67,3
DA:69,12
DA:73,1
DA:74,3
DA:75,1
DA:76,1
DA:81,1
DA:82,3
DA:83,1
DA:85,1
DA:90,1
DA:91,2
DA:93,1
DA:98,1
DA:99,2
DA:101,1
DA:106,1
DA:107,4
DA:108,1
DA:109,1
DA:110,2
DA:111,1
DA:112,1
DA:113,1
DA:114,2
DA:115,1
DA:118,3
DA:120,3
DA:121,3
DA:122,3
DA:123,4
DA:124,4
DA:125,4
DA:126,4
DA:127,4
DA:128,6
DA:129,6
DA:130,3
DA:131,2
DA:132,3
DA:133,2
DA:136,6
DA:138,3
DA:139,3
DA:142,3
DA:144,3
DA:146,3
DA:147,3
DA:149,3
DA:152,3
DA:153,3
DA:154,3
DA:155,3
DA:156,6
DA:157,9
DA:160,3
DA:162,3
DA:163,6
DA:174,3
DA:175,3
DA:176,3
DA:177,3
DA:178,3
DA:179,3
DA:183,6
DA:186,3
DA:187,3
DA:188,3
DA:189,3
DA:190,3
DA:191,3
DA:192,3
DA:193,1
DA:195,2
DA:196,1
DA:200,1
DA:202,2
DA:203,1
DA:209,3
DA:210,3
DA:211,3
DA:212,3
DA:213,1
DA:215,2
DA:216,1
DA:222,3
DA:223,3
LF:107
LH:107
end_of_record
SF:lib/features/diary/widgets/diary_states_widget.dart
DA:11,2
DA:20,2
DA:22,1
DA:26,1
DA:28,1
DA:29,1
DA:30,1
DA:31,1
DA:32,1
DA:33,1
DA:35,3
DA:43,2
DA:44,2
DA:45,2
DA:51,2
DA:52,1
DA:55,2
DA:56,2
DA:57,2
DA:58,1
DA:59,1
DA:61,2
DA:62,1
DA:63,2
DA:64,3
DA:65,1
DA:66,2
DA:68,2
DA:69,1
DA:70,2
DA:71,2
DA:72,1
DA:73,2
DA:77,2
DA:78,2
DA:79,2
LF:36
LH:36
end_of_record
SF:lib/features/diary/widgets/events_screen.dart
DA:8,3
DA:21,3
DA:23,3
DA:25,3
DA:26,3
DA:28,3
DA:31,3
DA:32,3
DA:34,3
DA:35,3
DA:36,3
DA:37,3
DA:38,6
DA:39,3
DA:40,3
DA:41,3
DA:42,3
DA:44,3
DA:47,3
DA:49,3
DA:50,9
DA:51,3
DA:52,3
DA:58,3
DA:60,3
DA:61,6
DA:62,6
DA:63,3
DA:64,3
LF:29
LH:29
end_of_record
SF:lib/features/diary/widgets/image_list_widget.dart
DA:8,5
DA:14,5
DA:18,15
DA:19,3
DA:20,3
DA:21,6
DA:25,3
DA:28,3
DA:31,6
DA:32,3
DA:33,3
DA:35,3
DA:36,3
DA:37,3
DA:39,3
DA:40,3
DA:41,12
DA:46,3
DA:49,3
DA:50,12
DA:51,6
DA:52,3
DA:53,3
DA:54,3
LF:24
LH:24
end_of_record
SF:lib/features/diary/widgets/location_widget.dart
DA:4,4
DA:7,4
DA:9,4
DA:11,4
DA:12,4
DA:17,4
DA:18,8
LF:7
LH:7
end_of_record
SF:lib/features/diary/widgets/upload_diary_widget.dart
DA:7,4
DA:13,4
DA:15,4
DA:17,4
DA:20,4
DA:21,12
DA:22,4
DA:23,12
LF:8
LH:8
end_of_record
SF:lib/generated/intl/messages_all.dart
DA:22,24
DA:23,16
DA:26,8
DA:28,8
DA:29,8
DA:36,8
DA:37,8
DA:38,24
DA:39,0
DA:41,0
DA:43,16
DA:44,8
DA:45,24
DA:46,16
DA:47,8
DA:50,8
DA:52,8
DA:58,8
DA:60,8
DA:62,8
LF:20
LH:18
end_of_record
SF:lib/generated/intl/messages_en.dart
DA:16,24
DA:21,0
DA:24,16
DA:25,8
DA:26,8
DA:27,8
DA:28,8
DA:29,8
DA:31,8
DA:32,8
DA:35,8
DA:37,8
DA:39,8
DA:40,8
DA:41,8
DA:43,8
DA:45,8
DA:47,8
DA:49,8
DA:50,8
DA:51,8
DA:52,8
DA:53,8
DA:54,8
DA:55,8
DA:57,8
DA:58,8
DA:60,8
DA:61,8
DA:63,8
DA:65,8
DA:67,8
DA:69,8
DA:70,8
DA:71,8
DA:73,8
DA:74,8
LF:37
LH:36
end_of_record
